<?xml version="1.0" encoding="UTF-8"?>
<testng-results ignored="0" total="4" passed="3" failed="1" skipped="0">
  <reporter-output>
  </reporter-output>
  <suite started-at="2021-05-31T12:07:42 IST" name="Suite" finished-at="2021-05-31T12:09:44 IST" duration-ms="121919">
    <groups>
    </groups>
    <test started-at="2021-05-31T12:07:42 IST" name="HomePage" finished-at="2021-05-31T12:08:48 IST" duration-ms="66139">
      <class name="TestFramework.E2EProject.HomePage">
        <test-method is-config="true" signature="initialize()[pri:0, instance:TestFramework.E2EProject.HomePage@277f7dd3]" started-at="2021-05-31T12:07:42 IST" name="initialize" finished-at="2021-05-31T12:07:53 IST" duration-ms="11080" status="PASS">
          <reporter-output>
          </reporter-output>
        </test-method> <!-- initialize -->
        <test-method signature="openBrowser(java.lang.String,java.lang.String,java.lang.String)[pri:0, instance:TestFramework.E2EProject.HomePage@277f7dd3]" started-at="2021-05-31T12:07:53 IST" name="openBrowser" data-provider="getData" finished-at="2021-05-31T12:08:19 IST" duration-ms="26169" status="PASS">
          <params>
            <param index="0">
              <value>
                <![CDATA[ashishnaggy@gmail.com]]>
              </value>
            </param>
            <param index="1">
              <value>
                <![CDATA[123456]]>
              </value>
            </param>
            <param index="2">
              <value>
                <![CDATA[Non restricted user]]>
              </value>
            </param>
          </params>
          <reporter-output>
          </reporter-output>
        </test-method> <!-- openBrowser -->
        <test-method signature="openBrowser(java.lang.String,java.lang.String,java.lang.String)[pri:0, instance:TestFramework.E2EProject.HomePage@277f7dd3]" started-at="2021-05-31T12:08:19 IST" name="openBrowser" data-provider="getData" finished-at="2021-05-31T12:08:34 IST" duration-ms="14625" status="PASS">
          <params>
            <param index="0">
              <value>
                <![CDATA[nonrestricteduser@qa.com]]>
              </value>
            </param>
            <param index="1">
              <value>
                <![CDATA[543]]>
              </value>
            </param>
            <param index="2">
              <value>
                <![CDATA[restricted user]]>
              </value>
            </param>
          </params>
          <reporter-output>
          </reporter-output>
        </test-method> <!-- openBrowser -->
        <test-method is-config="true" signature="close()[pri:0, instance:TestFramework.E2EProject.HomePage@277f7dd3]" started-at="2021-05-31T12:08:34 IST" name="close" finished-at="2021-05-31T12:08:48 IST" duration-ms="14210" status="PASS">
          <reporter-output>
          </reporter-output>
        </test-method> <!-- close -->
      </class> <!-- TestFramework.E2EProject.HomePage -->
    </test> <!-- HomePage -->
    <test started-at="2021-05-31T12:08:50 IST" name="ValidateTitle" finished-at="2021-05-31T12:09:44 IST" duration-ms="54343">
      <class name="TestFramework.E2EProject.ValidateTitle">
        <test-method is-config="true" signature="initialize()[pri:0, instance:TestFramework.E2EProject.ValidateTitle@f6c03cb]" started-at="2021-05-31T12:08:50 IST" name="initialize" finished-at="2021-05-31T12:09:17 IST" duration-ms="27134" status="PASS">
          <reporter-output>
          </reporter-output>
        </test-method> <!-- initialize -->
        <test-method signature="validateNavBar()[pri:0, instance:TestFramework.E2EProject.ValidateTitle@f6c03cb]" started-at="2021-05-31T12:09:17 IST" name="validateNavBar" finished-at="2021-05-31T12:09:20 IST" duration-ms="2944" status="PASS">
          <reporter-output>
          </reporter-output>
        </test-method> <!-- validateNavBar -->
        <test-method signature="validateTitle()[pri:0, instance:TestFramework.E2EProject.ValidateTitle@f6c03cb]" started-at="2021-05-31T12:09:20 IST" name="validateTitle" finished-at="2021-05-31T12:09:20 IST" duration-ms="508" status="FAIL">
          <exception class="java.lang.AssertionError">
            <message>
              <![CDATA[expected [FEATURED COURSES123] but found [FEATURED COURSES]]]>
            </message>
            <full-stacktrace>
              <![CDATA[java.lang.AssertionError: expected [FEATURED COURSES123] but found [FEATURED COURSES]
at org.testng.Assert.fail(Assert.java:99)
at org.testng.Assert.failNotEquals(Assert.java:1037)
at org.testng.Assert.assertEqualsImpl(Assert.java:140)
at org.testng.Assert.assertEquals(Assert.java:122)
at org.testng.Assert.assertEquals(Assert.java:629)
at org.testng.Assert.assertEquals(Assert.java:639)
at TestFramework.E2EProject.ValidateTitle.validateTitle(ValidateTitle.java:40)
at java.base/jdk.internal.reflect.NativeMethodAccessorImpl.invoke0(Native Method)
at java.base/jdk.internal.reflect.NativeMethodAccessorImpl.invoke(NativeMethodAccessorImpl.java:64)
at java.base/jdk.internal.reflect.DelegatingMethodAccessorImpl.invoke(DelegatingMethodAccessorImpl.java:43)
at java.base/java.lang.reflect.Method.invoke(Method.java:564)
at org.testng.internal.MethodInvocationHelper.invokeMethod(MethodInvocationHelper.java:133)
at org.testng.internal.TestInvoker.invokeMethod(TestInvoker.java:598)
at org.testng.internal.TestInvoker.invokeTestMethod(TestInvoker.java:173)
at org.testng.internal.MethodRunner.runInSequence(MethodRunner.java:46)
at org.testng.internal.TestInvoker$MethodInvocationAgent.invoke(TestInvoker.java:824)
at org.testng.internal.TestInvoker.invokeTestMethods(TestInvoker.java:146)
at org.testng.internal.TestMethodWorker.invokeTestMethods(TestMethodWorker.java:146)
at org.testng.internal.TestMethodWorker.run(TestMethodWorker.java:128)
at java.base/java.util.ArrayList.forEach(ArrayList.java:1511)
at org.testng.TestRunner.privateRun(TestRunner.java:794)
at org.testng.TestRunner.run(TestRunner.java:596)
at org.testng.SuiteRunner.runTest(SuiteRunner.java:377)
at org.testng.SuiteRunner.runSequentially(SuiteRunner.java:371)
at org.testng.SuiteRunner.privateRun(SuiteRunner.java:332)
at org.testng.SuiteRunner.run(SuiteRunner.java:276)
at org.testng.SuiteRunnerWorker.runSuite(SuiteRunnerWorker.java:53)
at org.testng.SuiteRunnerWorker.run(SuiteRunnerWorker.java:96)
at org.testng.TestNG.runSuitesSequentially(TestNG.java:1212)
at org.testng.TestNG.runSuitesLocally(TestNG.java:1134)
at org.testng.TestNG.runSuites(TestNG.java:1063)
at org.testng.TestNG.run(TestNG.java:1031)
at org.apache.maven.surefire.testng.TestNGExecutor.run(TestNGExecutor.java:284)
at org.apache.maven.surefire.testng.TestNGXmlTestSuite.execute(TestNGXmlTestSuite.java:75)
at org.apache.maven.surefire.testng.TestNGProvider.invoke(TestNGProvider.java:119)
at org.apache.maven.surefire.booter.ForkedBooter.runSuitesInProcess(ForkedBooter.java:428)
at org.apache.maven.surefire.booter.ForkedBooter.execute(ForkedBooter.java:162)
at org.apache.maven.surefire.booter.ForkedBooter.run(ForkedBooter.java:562)
at org.apache.maven.surefire.booter.ForkedBooter.main(ForkedBooter.java:548)
]]>
            </full-stacktrace>
          </exception> <!-- java.lang.AssertionError -->
          <reporter-output>
          </reporter-output>
        </test-method> <!-- validateTitle -->
        <test-method is-config="true" signature="close()[pri:0, instance:TestFramework.E2EProject.ValidateTitle@f6c03cb]" started-at="2021-05-31T12:09:21 IST" name="close" finished-at="2021-05-31T12:09:44 IST" duration-ms="22674" status="PASS">
          <reporter-output>
          </reporter-output>
        </test-method> <!-- close -->
      </class> <!-- TestFramework.E2EProject.ValidateTitle -->
    </test> <!-- ValidateTitle -->
  </suite> <!-- Suite -->
</testng-results>
